2026/01/22 07:53:52 [error] [system.db.CDbCommand] CDbCommand::fetchAll() failed: SQLSTATE[42S02]: Base table or view not found: 1146 Table 'book_catalog.tbl_migration' doesn't exist. The SQL statement executed was: SHOW FULL COLUMNS FROM `tbl_migration`.
2026/01/22 09:18:10 [error] [system.db.CDbCommand] CDbCommand::execute() failed: SQLSTATE[42S02]: Base table or view not found: 1146 Table 'book_catalog.auth_item' doesn't exist. The SQL statement executed was: INSERT INTO `auth_item` (`name`, `type`, `description`) VALUES (:name, :type, :description).
2026/01/22 09:18:10 [error] [exception.CDbException] CDbException: CDbCommand failed to execute the SQL statement: SQLSTATE[42S02]: Base table or view not found: 1146 Table 'book_catalog.auth_item' doesn't exist. The SQL statement executed was: INSERT INTO `auth_item` (`name`, `type`, `description`) VALUES (:name, :type, :description) in /var/www/html/framework/db/CDbCommand.php:358
Stack trace:
#0 /var/www/html/framework/db/CDbCommand.php(1278): CDbCommand->execute(Array)
#1 /var/www/html/framework/db/CDbMigration.php(178): CDbCommand->insert('auth_item', Array)
#2 /var/www/html/protected/migrations/m250121_000002_insert_test_data.php(79): CDbMigration->insert('auth_item', Array)
#3 /var/www/html/framework/cli/commands/MigrateCommand.php(415): m250121_000002_insert_test_data->up()
#4 /var/www/html/framework/cli/commands/MigrateCommand.php(109): MigrateCommand->migrateUp('m250121_000002_...')
#5 [internal function]: MigrateCommand->actionUp(Array)
#6 /var/www/html/framework/console/CConsoleCommand.php(177): ReflectionMethod->invokeArgs(Object(MigrateCommand), Array)
#7 /var/www/html/framework/console/CConsoleCommandRunner.php(71): CConsoleCommand->run(Array)
#8 /var/www/html/framework/console/CConsoleApplication.php(92): CConsoleCommandRunner->run(Array)
#9 /var/www/html/framework/base/CApplication.php(185): CConsoleApplication->processRequest()
#10 /var/www/html/framework/yiic.php(33): CApplication->run()
#11 /var/www/html/protected/yiic.php(7): require_once('/var/www/html/f...')
#12 {main}
---
2026/01/22 04:30:33 [error] [exception.CDbException] CDbException: CDbConnection failed to open the DB connection: could not find driver in /home/user/projects/InfoTechTestTask/framework/db/CDbConnection.php:399
Stack trace:
#0 /home/user/projects/InfoTechTestTask/framework/db/CDbConnection.php(347): CDbConnection->open()
#1 /home/user/projects/InfoTechTestTask/framework/db/CDbConnection.php(325): CDbConnection->setActive()
#2 /home/user/projects/InfoTechTestTask/framework/base/CModule.php(394): CDbConnection->init()
#3 /home/user/projects/InfoTechTestTask/framework/cli/commands/MigrateCommand.php(472): CModule->getComponent()
#4 /home/user/projects/InfoTechTestTask/framework/cli/commands/MigrateCommand.php(481): MigrateCommand->getDbConnection()
#5 /home/user/projects/InfoTechTestTask/framework/cli/commands/MigrateCommand.php(512): MigrateCommand->getMigrationHistory()
#6 /home/user/projects/InfoTechTestTask/framework/cli/commands/MigrateCommand.php(84): MigrateCommand->getNewMigrations()
#7 [internal function]: MigrateCommand->actionUp()
#8 /home/user/projects/InfoTechTestTask/framework/console/CConsoleCommand.php(177): ReflectionMethod->invokeArgs()
#9 /home/user/projects/InfoTechTestTask/framework/console/CConsoleCommandRunner.php(71): CConsoleCommand->run()
#10 /home/user/projects/InfoTechTestTask/framework/console/CConsoleApplication.php(92): CConsoleCommandRunner->run()
#11 /home/user/projects/InfoTechTestTask/framework/base/CApplication.php(185): CConsoleApplication->processRequest()
#12 /home/user/projects/InfoTechTestTask/framework/yiic.php(33): CApplication->run()
#13 /home/user/projects/InfoTechTestTask/protected/yiic.php(7): require_once('...')
#14 {main}
---
2026/01/22 04:32:32 [error] [exception.CDbException] CDbException: CDbConnection failed to open the DB connection: could not find driver in /home/user/projects/InfoTechTestTask/framework/db/CDbConnection.php:399
Stack trace:
#0 /home/user/projects/InfoTechTestTask/framework/db/CDbConnection.php(347): CDbConnection->open()
#1 /home/user/projects/InfoTechTestTask/framework/db/CDbConnection.php(325): CDbConnection->setActive()
#2 /home/user/projects/InfoTechTestTask/framework/base/CModule.php(394): CDbConnection->init()
#3 /home/user/projects/InfoTechTestTask/framework/cli/commands/MigrateCommand.php(472): CModule->getComponent()
#4 /home/user/projects/InfoTechTestTask/framework/cli/commands/MigrateCommand.php(481): MigrateCommand->getDbConnection()
#5 /home/user/projects/InfoTechTestTask/framework/cli/commands/MigrateCommand.php(512): MigrateCommand->getMigrationHistory()
#6 /home/user/projects/InfoTechTestTask/framework/cli/commands/MigrateCommand.php(84): MigrateCommand->getNewMigrations()
#7 [internal function]: MigrateCommand->actionUp()
#8 /home/user/projects/InfoTechTestTask/framework/console/CConsoleCommand.php(177): ReflectionMethod->invokeArgs()
#9 /home/user/projects/InfoTechTestTask/framework/console/CConsoleCommandRunner.php(71): CConsoleCommand->run()
#10 /home/user/projects/InfoTechTestTask/framework/console/CConsoleApplication.php(92): CConsoleCommandRunner->run()
#11 /home/user/projects/InfoTechTestTask/framework/base/CApplication.php(185): CConsoleApplication->processRequest()
#12 /home/user/projects/InfoTechTestTask/framework/yiic.php(33): CApplication->run()
#13 /home/user/projects/InfoTechTestTask/protected/yiic.php(7): require_once('...')
#14 {main}
---
2026/01/22 04:35:01 [error] [system.db.CDbCommand] CDbCommand::fetchAll() failed: SQLSTATE[42S02]: Base table or view not found: 1146 Table 'book_catalog.tbl_migration' doesn't exist. The SQL statement executed was: SHOW FULL COLUMNS FROM `tbl_migration`.
2026/01/22 04:35:39 [error] [exception.CDbException] CDbException: CDbConnection failed to open the DB connection: could not find driver in /home/user/projects/InfoTechTestTask/framework/db/CDbConnection.php:399
Stack trace:
#0 /home/user/projects/InfoTechTestTask/framework/db/CDbConnection.php(347): CDbConnection->open()
#1 /home/user/projects/InfoTechTestTask/framework/db/CDbConnection.php(325): CDbConnection->setActive()
#2 /home/user/projects/InfoTechTestTask/framework/base/CModule.php(394): CDbConnection->init()
#3 /home/user/projects/InfoTechTestTask/framework/base/CModule.php(103): CModule->getComponent()
#4 /home/user/projects/InfoTechTestTask/framework/gii/generators/crud/CrudCode.php(44): CModule->__get()
#5 /home/user/projects/InfoTechTestTask/framework/web/CFormModel.php(39): CrudCode->init()
#6 /home/user/projects/InfoTechTestTask/framework/gii/CCodeGenerator.php(153): CFormModel->__construct()
#7 /home/user/projects/InfoTechTestTask/framework/gii/CCodeGenerator.php(63): CCodeGenerator->prepare()
#8 /home/user/projects/InfoTechTestTask/framework/web/actions/CInlineAction.php(49): CCodeGenerator->actionIndex()
#9 /home/user/projects/InfoTechTestTask/framework/web/CController.php(308): CInlineAction->runWithParams()
#10 /home/user/projects/InfoTechTestTask/framework/web/CController.php(286): CController->runAction()
#11 /home/user/projects/InfoTechTestTask/framework/web/CController.php(265): CController->runActionWithFilters()
#12 /home/user/projects/InfoTechTestTask/framework/web/CWebApplication.php(282): CController->run()
#13 /home/user/projects/InfoTechTestTask/framework/web/CWebApplication.php(141): CWebApplication->runController()
#14 /home/user/projects/InfoTechTestTask/framework/base/CApplication.php(185): CWebApplication->processRequest()
#15 /home/user/projects/InfoTechTestTask/index.php(13): CApplication->run()
#16 {main}
REQUEST_URI=/index.php?r=gii/crud/index
HTTP_REFERER=http://localhost:8089/index.php?r=gii/default/index
---
2026/01/22 04:35:44 [error] [exception.CDbException] CDbException: CDbConnection failed to open the DB connection: could not find driver in /home/user/projects/InfoTechTestTask/framework/db/CDbConnection.php:399
Stack trace:
#0 /home/user/projects/InfoTechTestTask/framework/db/CDbConnection.php(347): CDbConnection->open()
#1 /home/user/projects/InfoTechTestTask/framework/db/CDbConnection.php(325): CDbConnection->setActive()
#2 /home/user/projects/InfoTechTestTask/framework/base/CModule.php(394): CDbConnection->init()
#3 /home/user/projects/InfoTechTestTask/framework/base/CModule.php(103): CModule->getComponent()
#4 /home/user/projects/InfoTechTestTask/framework/gii/generators/crud/CrudCode.php(44): CModule->__get()
#5 /home/user/projects/InfoTechTestTask/framework/web/CFormModel.php(39): CrudCode->init()
#6 /home/user/projects/InfoTechTestTask/framework/gii/CCodeGenerator.php(153): CFormModel->__construct()
#7 /home/user/projects/InfoTechTestTask/framework/gii/CCodeGenerator.php(63): CCodeGenerator->prepare()
#8 /home/user/projects/InfoTechTestTask/framework/web/actions/CInlineAction.php(49): CCodeGenerator->actionIndex()
#9 /home/user/projects/InfoTechTestTask/framework/web/CController.php(308): CInlineAction->runWithParams()
#10 /home/user/projects/InfoTechTestTask/framework/web/CController.php(286): CController->runAction()
#11 /home/user/projects/InfoTechTestTask/framework/web/CController.php(265): CController->runActionWithFilters()
#12 /home/user/projects/InfoTechTestTask/framework/web/CWebApplication.php(282): CController->run()
#13 /home/user/projects/InfoTechTestTask/framework/web/CWebApplication.php(141): CWebApplication->runController()
#14 /home/user/projects/InfoTechTestTask/framework/base/CApplication.php(185): CWebApplication->processRequest()
#15 /home/user/projects/InfoTechTestTask/index.php(13): CApplication->run()
#16 {main}
REQUEST_URI=/index.php?r=gii/crud/index
HTTP_REFERER=http://localhost:8089/index.php?r=gii/default/index
---
2026/01/22 04:35:45 [error] [exception.CDbException] CDbException: CDbConnection failed to open the DB connection: could not find driver in /home/user/projects/InfoTechTestTask/framework/db/CDbConnection.php:399
Stack trace:
#0 /home/user/projects/InfoTechTestTask/framework/db/CDbConnection.php(347): CDbConnection->open()
#1 /home/user/projects/InfoTechTestTask/framework/db/CDbConnection.php(325): CDbConnection->setActive()
#2 /home/user/projects/InfoTechTestTask/framework/base/CModule.php(394): CDbConnection->init()
#3 /home/user/projects/InfoTechTestTask/framework/base/CModule.php(103): CModule->getComponent()
#4 /home/user/projects/InfoTechTestTask/framework/gii/generators/crud/CrudCode.php(44): CModule->__get()
#5 /home/user/projects/InfoTechTestTask/framework/web/CFormModel.php(39): CrudCode->init()
#6 /home/user/projects/InfoTechTestTask/framework/gii/CCodeGenerator.php(153): CFormModel->__construct()
#7 /home/user/projects/InfoTechTestTask/framework/gii/CCodeGenerator.php(63): CCodeGenerator->prepare()
#8 /home/user/projects/InfoTechTestTask/framework/web/actions/CInlineAction.php(49): CCodeGenerator->actionIndex()
#9 /home/user/projects/InfoTechTestTask/framework/web/CController.php(308): CInlineAction->runWithParams()
#10 /home/user/projects/InfoTechTestTask/framework/web/CController.php(286): CController->runAction()
#11 /home/user/projects/InfoTechTestTask/framework/web/CController.php(265): CController->runActionWithFilters()
#12 /home/user/projects/InfoTechTestTask/framework/web/CWebApplication.php(282): CController->run()
#13 /home/user/projects/InfoTechTestTask/framework/web/CWebApplication.php(141): CWebApplication->runController()
#14 /home/user/projects/InfoTechTestTask/framework/base/CApplication.php(185): CWebApplication->processRequest()
#15 /home/user/projects/InfoTechTestTask/index.php(13): CApplication->run()
#16 {main}
REQUEST_URI=/index.php?r=gii/crud/index
HTTP_REFERER=http://localhost:8089/index.php?r=gii/default/index
---
2026/01/22 04:36:33 [error] [exception.CDbException] CDbException: CDbConnection failed to open the DB connection: could not find driver in /home/user/projects/InfoTechTestTask/framework/db/CDbConnection.php:399
Stack trace:
#0 /home/user/projects/InfoTechTestTask/framework/db/CDbConnection.php(347): CDbConnection->open()
#1 /home/user/projects/InfoTechTestTask/framework/db/CDbConnection.php(325): CDbConnection->setActive()
#2 /home/user/projects/InfoTechTestTask/framework/base/CModule.php(394): CDbConnection->init()
#3 /home/user/projects/InfoTechTestTask/framework/base/CModule.php(103): CModule->getComponent()
#4 /home/user/projects/InfoTechTestTask/framework/gii/generators/crud/CrudCode.php(44): CModule->__get()
#5 /home/user/projects/InfoTechTestTask/framework/web/CFormModel.php(39): CrudCode->init()
#6 /home/user/projects/InfoTechTestTask/framework/gii/CCodeGenerator.php(153): CFormModel->__construct()
#7 /home/user/projects/InfoTechTestTask/framework/gii/CCodeGenerator.php(63): CCodeGenerator->prepare()
#8 /home/user/projects/InfoTechTestTask/framework/web/actions/CInlineAction.php(49): CCodeGenerator->actionIndex()
#9 /home/user/projects/InfoTechTestTask/framework/web/CController.php(308): CInlineAction->runWithParams()
#10 /home/user/projects/InfoTechTestTask/framework/web/CController.php(286): CController->runAction()
#11 /home/user/projects/InfoTechTestTask/framework/web/CController.php(265): CController->runActionWithFilters()
#12 /home/user/projects/InfoTechTestTask/framework/web/CWebApplication.php(282): CController->run()
#13 /home/user/projects/InfoTechTestTask/framework/web/CWebApplication.php(141): CWebApplication->runController()
#14 /home/user/projects/InfoTechTestTask/framework/base/CApplication.php(185): CWebApplication->processRequest()
#15 /home/user/projects/InfoTechTestTask/index.php(13): CApplication->run()
#16 {main}
REQUEST_URI=/index.php?r=gii/crud/index
HTTP_REFERER=http://localhost:8089/index.php?r=gii/default/index
---
2026/01/22 04:36:34 [error] [exception.CDbException] CDbException: CDbConnection failed to open the DB connection: could not find driver in /home/user/projects/InfoTechTestTask/framework/db/CDbConnection.php:399
Stack trace:
#0 /home/user/projects/InfoTechTestTask/framework/db/CDbConnection.php(347): CDbConnection->open()
#1 /home/user/projects/InfoTechTestTask/framework/db/CDbConnection.php(325): CDbConnection->setActive()
#2 /home/user/projects/InfoTechTestTask/framework/base/CModule.php(394): CDbConnection->init()
#3 /home/user/projects/InfoTechTestTask/framework/base/CModule.php(103): CModule->getComponent()
#4 /home/user/projects/InfoTechTestTask/framework/gii/generators/crud/CrudCode.php(44): CModule->__get()
#5 /home/user/projects/InfoTechTestTask/framework/web/CFormModel.php(39): CrudCode->init()
#6 /home/user/projects/InfoTechTestTask/framework/gii/CCodeGenerator.php(153): CFormModel->__construct()
#7 /home/user/projects/InfoTechTestTask/framework/gii/CCodeGenerator.php(63): CCodeGenerator->prepare()
#8 /home/user/projects/InfoTechTestTask/framework/web/actions/CInlineAction.php(49): CCodeGenerator->actionIndex()
#9 /home/user/projects/InfoTechTestTask/framework/web/CController.php(308): CInlineAction->runWithParams()
#10 /home/user/projects/InfoTechTestTask/framework/web/CController.php(286): CController->runAction()
#11 /home/user/projects/InfoTechTestTask/framework/web/CController.php(265): CController->runActionWithFilters()
#12 /home/user/projects/InfoTechTestTask/framework/web/CWebApplication.php(282): CController->run()
#13 /home/user/projects/InfoTechTestTask/framework/web/CWebApplication.php(141): CWebApplication->runController()
#14 /home/user/projects/InfoTechTestTask/framework/base/CApplication.php(185): CWebApplication->processRequest()
#15 /home/user/projects/InfoTechTestTask/index.php(13): CApplication->run()
#16 {main}
REQUEST_URI=/index.php?r=gii/crud/index
HTTP_REFERER=http://localhost:8089/index.php?r=gii/default/index
---
2026/01/22 04:36:39 [error] [exception.CDbException] CDbException: CDbConnection failed to open the DB connection: could not find driver in /home/user/projects/InfoTechTestTask/framework/db/CDbConnection.php:399
Stack trace:
#0 /home/user/projects/InfoTechTestTask/framework/db/CDbConnection.php(347): CDbConnection->open()
#1 /home/user/projects/InfoTechTestTask/framework/db/CDbConnection.php(325): CDbConnection->setActive()
#2 /home/user/projects/InfoTechTestTask/framework/base/CModule.php(394): CDbConnection->init()
#3 /home/user/projects/InfoTechTestTask/framework/base/CModule.php(103): CModule->getComponent()
#4 /home/user/projects/InfoTechTestTask/framework/gii/generators/crud/CrudCode.php(44): CModule->__get()
#5 /home/user/projects/InfoTechTestTask/framework/web/CFormModel.php(39): CrudCode->init()
#6 /home/user/projects/InfoTechTestTask/framework/gii/CCodeGenerator.php(153): CFormModel->__construct()
#7 /home/user/projects/InfoTechTestTask/framework/gii/CCodeGenerator.php(63): CCodeGenerator->prepare()
#8 /home/user/projects/InfoTechTestTask/framework/web/actions/CInlineAction.php(49): CCodeGenerator->actionIndex()
#9 /home/user/projects/InfoTechTestTask/framework/web/CController.php(308): CInlineAction->runWithParams()
#10 /home/user/projects/InfoTechTestTask/framework/web/CController.php(286): CController->runAction()
#11 /home/user/projects/InfoTechTestTask/framework/web/CController.php(265): CController->runActionWithFilters()
#12 /home/user/projects/InfoTechTestTask/framework/web/CWebApplication.php(282): CController->run()
#13 /home/user/projects/InfoTechTestTask/framework/web/CWebApplication.php(141): CWebApplication->runController()
#14 /home/user/projects/InfoTechTestTask/framework/base/CApplication.php(185): CWebApplication->processRequest()
#15 /home/user/projects/InfoTechTestTask/index.php(13): CApplication->run()
#16 {main}
REQUEST_URI=/index.php?r=gii/crud/index
HTTP_REFERER=http://localhost:8089/index.php?r=gii/default/index
---
2026/01/22 04:36:48 [error] [exception.CDbException] CDbException: CDbConnection failed to open the DB connection: could not find driver in /home/user/projects/InfoTechTestTask/framework/db/CDbConnection.php:399
Stack trace:
#0 /home/user/projects/InfoTechTestTask/framework/db/CDbConnection.php(347): CDbConnection->open()
#1 /home/user/projects/InfoTechTestTask/framework/db/CDbConnection.php(325): CDbConnection->setActive()
#2 /home/user/projects/InfoTechTestTask/framework/base/CModule.php(394): CDbConnection->init()
#3 /home/user/projects/InfoTechTestTask/framework/base/CModule.php(103): CModule->getComponent()
#4 /home/user/projects/InfoTechTestTask/framework/gii/generators/model/ModelCode.php(60): CModule->__get()
#5 /home/user/projects/InfoTechTestTask/framework/web/CFormModel.php(39): ModelCode->init()
#6 /home/user/projects/InfoTechTestTask/framework/gii/CCodeGenerator.php(153): CFormModel->__construct()
#7 /home/user/projects/InfoTechTestTask/framework/gii/CCodeGenerator.php(63): CCodeGenerator->prepare()
#8 /home/user/projects/InfoTechTestTask/framework/web/actions/CInlineAction.php(49): CCodeGenerator->actionIndex()
#9 /home/user/projects/InfoTechTestTask/framework/web/CController.php(308): CInlineAction->runWithParams()
#10 /home/user/projects/InfoTechTestTask/framework/web/CController.php(286): CController->runAction()
#11 /home/user/projects/InfoTechTestTask/framework/web/CController.php(265): CController->runActionWithFilters()
#12 /home/user/projects/InfoTechTestTask/framework/web/CWebApplication.php(282): CController->run()
#13 /home/user/projects/InfoTechTestTask/framework/web/CWebApplication.php(141): CWebApplication->runController()
#14 /home/user/projects/InfoTechTestTask/framework/base/CApplication.php(185): CWebApplication->processRequest()
#15 /home/user/projects/InfoTechTestTask/index.php(13): CApplication->run()
#16 {main}
REQUEST_URI=/index.php?r=gii/model/index
HTTP_REFERER=http://localhost:8089/index.php?r=gii/default/index
---
2026/01/22 04:38:26 [error] [exception.CDbException] CDbException: CDbConnection failed to open the DB connection: could not find driver in /home/user/projects/InfoTechTestTask/framework/db/CDbConnection.php:399
Stack trace:
#0 /home/user/projects/InfoTechTestTask/framework/db/CDbConnection.php(347): CDbConnection->open()
#1 /home/user/projects/InfoTechTestTask/framework/db/CDbConnection.php(325): CDbConnection->setActive()
#2 /home/user/projects/InfoTechTestTask/framework/base/CModule.php(394): CDbConnection->init()
#3 /home/user/projects/InfoTechTestTask/framework/base/CModule.php(103): CModule->getComponent()
#4 /home/user/projects/InfoTechTestTask/framework/gii/generators/model/ModelCode.php(60): CModule->__get()
#5 /home/user/projects/InfoTechTestTask/framework/web/CFormModel.php(39): ModelCode->init()
#6 /home/user/projects/InfoTechTestTask/framework/gii/CCodeGenerator.php(153): CFormModel->__construct()
#7 /home/user/projects/InfoTechTestTask/framework/gii/CCodeGenerator.php(63): CCodeGenerator->prepare()
#8 /home/user/projects/InfoTechTestTask/framework/web/actions/CInlineAction.php(49): CCodeGenerator->actionIndex()
#9 /home/user/projects/InfoTechTestTask/framework/web/CController.php(308): CInlineAction->runWithParams()
#10 /home/user/projects/InfoTechTestTask/framework/web/CController.php(286): CController->runAction()
#11 /home/user/projects/InfoTechTestTask/framework/web/CController.php(265): CController->runActionWithFilters()
#12 /home/user/projects/InfoTechTestTask/framework/web/CWebApplication.php(282): CController->run()
#13 /home/user/projects/InfoTechTestTask/framework/web/CWebApplication.php(141): CWebApplication->runController()
#14 /home/user/projects/InfoTechTestTask/framework/base/CApplication.php(185): CWebApplication->processRequest()
#15 /home/user/projects/InfoTechTestTask/index.php(13): CApplication->run()
#16 {main}
REQUEST_URI=/index.php?r=gii/model/index
HTTP_REFERER=http://localhost:8089/index.php?r=gii/default/index
---
2026/01/22 04:38:27 [error] [exception.CDbException] CDbException: CDbConnection failed to open the DB connection: could not find driver in /home/user/projects/InfoTechTestTask/framework/db/CDbConnection.php:399
Stack trace:
#0 /home/user/projects/InfoTechTestTask/framework/db/CDbConnection.php(347): CDbConnection->open()
#1 /home/user/projects/InfoTechTestTask/framework/db/CDbConnection.php(325): CDbConnection->setActive()
#2 /home/user/projects/InfoTechTestTask/framework/base/CModule.php(394): CDbConnection->init()
#3 /home/user/projects/InfoTechTestTask/framework/base/CModule.php(103): CModule->getComponent()
#4 /home/user/projects/InfoTechTestTask/framework/gii/generators/model/ModelCode.php(60): CModule->__get()
#5 /home/user/projects/InfoTechTestTask/framework/web/CFormModel.php(39): ModelCode->init()
#6 /home/user/projects/InfoTechTestTask/framework/gii/CCodeGenerator.php(153): CFormModel->__construct()
#7 /home/user/projects/InfoTechTestTask/framework/gii/CCodeGenerator.php(63): CCodeGenerator->prepare()
#8 /home/user/projects/InfoTechTestTask/framework/web/actions/CInlineAction.php(49): CCodeGenerator->actionIndex()
#9 /home/user/projects/InfoTechTestTask/framework/web/CController.php(308): CInlineAction->runWithParams()
#10 /home/user/projects/InfoTechTestTask/framework/web/CController.php(286): CController->runAction()
#11 /home/user/projects/InfoTechTestTask/framework/web/CController.php(265): CController->runActionWithFilters()
#12 /home/user/projects/InfoTechTestTask/framework/web/CWebApplication.php(282): CController->run()
#13 /home/user/projects/InfoTechTestTask/framework/web/CWebApplication.php(141): CWebApplication->runController()
#14 /home/user/projects/InfoTechTestTask/framework/base/CApplication.php(185): CWebApplication->processRequest()
#15 /home/user/projects/InfoTechTestTask/index.php(13): CApplication->run()
#16 {main}
REQUEST_URI=/index.php?r=gii/model/index
HTTP_REFERER=http://localhost:8089/index.php?r=gii/default/index
---
2026/01/22 04:38:30 [error] [exception.CDbException] CDbException: CDbConnection failed to open the DB connection: could not find driver in /home/user/projects/InfoTechTestTask/framework/db/CDbConnection.php:399
Stack trace:
#0 /home/user/projects/InfoTechTestTask/framework/db/CDbConnection.php(347): CDbConnection->open()
#1 /home/user/projects/InfoTechTestTask/framework/db/CDbConnection.php(325): CDbConnection->setActive()
#2 /home/user/projects/InfoTechTestTask/framework/base/CModule.php(394): CDbConnection->init()
#3 /home/user/projects/InfoTechTestTask/framework/base/CModule.php(103): CModule->getComponent()
#4 /home/user/projects/InfoTechTestTask/framework/gii/generators/crud/CrudCode.php(44): CModule->__get()
#5 /home/user/projects/InfoTechTestTask/framework/web/CFormModel.php(39): CrudCode->init()
#6 /home/user/projects/InfoTechTestTask/framework/gii/CCodeGenerator.php(153): CFormModel->__construct()
#7 /home/user/projects/InfoTechTestTask/framework/gii/CCodeGenerator.php(63): CCodeGenerator->prepare()
#8 /home/user/projects/InfoTechTestTask/framework/web/actions/CInlineAction.php(49): CCodeGenerator->actionIndex()
#9 /home/user/projects/InfoTechTestTask/framework/web/CController.php(308): CInlineAction->runWithParams()
#10 /home/user/projects/InfoTechTestTask/framework/web/CController.php(286): CController->runAction()
#11 /home/user/projects/InfoTechTestTask/framework/web/CController.php(265): CController->runActionWithFilters()
#12 /home/user/projects/InfoTechTestTask/framework/web/CWebApplication.php(282): CController->run()
#13 /home/user/projects/InfoTechTestTask/framework/web/CWebApplication.php(141): CWebApplication->runController()
#14 /home/user/projects/InfoTechTestTask/framework/base/CApplication.php(185): CWebApplication->processRequest()
#15 /home/user/projects/InfoTechTestTask/index.php(13): CApplication->run()
#16 {main}
REQUEST_URI=/index.php?r=gii/crud/index
HTTP_REFERER=http://localhost:8089/index.php?r=gii/default/index
---
2026/01/22 04:40:08 [error] [exception.CDbException] CDbException: CDbConnection failed to open the DB connection: could not find driver in /home/user/projects/InfoTechTestTask/framework/db/CDbConnection.php:399
Stack trace:
#0 /home/user/projects/InfoTechTestTask/framework/db/CDbConnection.php(347): CDbConnection->open()
#1 /home/user/projects/InfoTechTestTask/framework/db/CDbConnection.php(325): CDbConnection->setActive()
#2 /home/user/projects/InfoTechTestTask/framework/base/CModule.php(394): CDbConnection->init()
#3 /home/user/projects/InfoTechTestTask/framework/base/CModule.php(103): CModule->getComponent()
#4 /home/user/projects/InfoTechTestTask/framework/gii/generators/crud/CrudCode.php(44): CModule->__get()
#5 /home/user/projects/InfoTechTestTask/framework/web/CFormModel.php(39): CrudCode->init()
#6 /home/user/projects/InfoTechTestTask/framework/gii/CCodeGenerator.php(153): CFormModel->__construct()
#7 /home/user/projects/InfoTechTestTask/framework/gii/CCodeGenerator.php(63): CCodeGenerator->prepare()
#8 /home/user/projects/InfoTechTestTask/framework/web/actions/CInlineAction.php(49): CCodeGenerator->actionIndex()
#9 /home/user/projects/InfoTechTestTask/framework/web/CController.php(308): CInlineAction->runWithParams()
#10 /home/user/projects/InfoTechTestTask/framework/web/CController.php(286): CController->runAction()
#11 /home/user/projects/InfoTechTestTask/framework/web/CController.php(265): CController->runActionWithFilters()
#12 /home/user/projects/InfoTechTestTask/framework/web/CWebApplication.php(282): CController->run()
#13 /home/user/projects/InfoTechTestTask/framework/web/CWebApplication.php(141): CWebApplication->runController()
#14 /home/user/projects/InfoTechTestTask/framework/base/CApplication.php(185): CWebApplication->processRequest()
#15 /home/user/projects/InfoTechTestTask/index.php(13): CApplication->run()
#16 {main}
REQUEST_URI=/index.php?r=gii/crud/index
HTTP_REFERER=http://localhost:8089/index.php?r=gii/default/index
---
2026/01/22 04:43:01 [error] [exception.CDbException] CDbException: CDbConnection failed to open the DB connection: could not find driver in /home/user/projects/InfoTechTestTask/framework/db/CDbConnection.php:399
Stack trace:
#0 /home/user/projects/InfoTechTestTask/framework/db/CDbConnection.php(347): CDbConnection->open()
#1 /home/user/projects/InfoTechTestTask/framework/db/CDbConnection.php(325): CDbConnection->setActive()
#2 /home/user/projects/InfoTechTestTask/framework/base/CModule.php(394): CDbConnection->init()
#3 /home/user/projects/InfoTechTestTask/framework/base/CModule.php(103): CModule->getComponent()
#4 /home/user/projects/InfoTechTestTask/framework/gii/generators/crud/CrudCode.php(44): CModule->__get()
#5 /home/user/projects/InfoTechTestTask/framework/web/CFormModel.php(39): CrudCode->init()
#6 /home/user/projects/InfoTechTestTask/framework/gii/CCodeGenerator.php(153): CFormModel->__construct()
#7 /home/user/projects/InfoTechTestTask/framework/gii/CCodeGenerator.php(63): CCodeGenerator->prepare()
#8 /home/user/projects/InfoTechTestTask/framework/web/actions/CInlineAction.php(49): CCodeGenerator->actionIndex()
#9 /home/user/projects/InfoTechTestTask/framework/web/CController.php(308): CInlineAction->runWithParams()
#10 /home/user/projects/InfoTechTestTask/framework/web/CController.php(286): CController->runAction()
#11 /home/user/projects/InfoTechTestTask/framework/web/CController.php(265): CController->runActionWithFilters()
#12 /home/user/projects/InfoTechTestTask/framework/web/CWebApplication.php(282): CController->run()
#13 /home/user/projects/InfoTechTestTask/framework/web/CWebApplication.php(141): CWebApplication->runController()
#14 /home/user/projects/InfoTechTestTask/framework/base/CApplication.php(185): CWebApplication->processRequest()
#15 /home/user/projects/InfoTechTestTask/index.php(13): CApplication->run()
#16 {main}
REQUEST_URI=/index.php?r=gii/crud/index
HTTP_REFERER=http://localhost:8089/index.php?r=gii/default/index
---
2026/01/22 04:43:02 [error] [exception.CDbException] CDbException: CDbConnection failed to open the DB connection: could not find driver in /home/user/projects/InfoTechTestTask/framework/db/CDbConnection.php:399
Stack trace:
#0 /home/user/projects/InfoTechTestTask/framework/db/CDbConnection.php(347): CDbConnection->open()
#1 /home/user/projects/InfoTechTestTask/framework/db/CDbConnection.php(325): CDbConnection->setActive()
#2 /home/user/projects/InfoTechTestTask/framework/base/CModule.php(394): CDbConnection->init()
#3 /home/user/projects/InfoTechTestTask/framework/base/CModule.php(103): CModule->getComponent()
#4 /home/user/projects/InfoTechTestTask/framework/gii/generators/crud/CrudCode.php(44): CModule->__get()
#5 /home/user/projects/InfoTechTestTask/framework/web/CFormModel.php(39): CrudCode->init()
#6 /home/user/projects/InfoTechTestTask/framework/gii/CCodeGenerator.php(153): CFormModel->__construct()
#7 /home/user/projects/InfoTechTestTask/framework/gii/CCodeGenerator.php(63): CCodeGenerator->prepare()
#8 /home/user/projects/InfoTechTestTask/framework/web/actions/CInlineAction.php(49): CCodeGenerator->actionIndex()
#9 /home/user/projects/InfoTechTestTask/framework/web/CController.php(308): CInlineAction->runWithParams()
#10 /home/user/projects/InfoTechTestTask/framework/web/CController.php(286): CController->runAction()
#11 /home/user/projects/InfoTechTestTask/framework/web/CController.php(265): CController->runActionWithFilters()
#12 /home/user/projects/InfoTechTestTask/framework/web/CWebApplication.php(282): CController->run()
#13 /home/user/projects/InfoTechTestTask/framework/web/CWebApplication.php(141): CWebApplication->runController()
#14 /home/user/projects/InfoTechTestTask/framework/base/CApplication.php(185): CWebApplication->processRequest()
#15 /home/user/projects/InfoTechTestTask/index.php(13): CApplication->run()
#16 {main}
REQUEST_URI=/index.php?r=gii/crud/index
HTTP_REFERER=http://localhost:8089/index.php?r=gii/default/index
---
2026/01/22 04:43:05 [error] [exception.CDbException] CDbException: CDbConnection failed to open the DB connection: could not find driver in /home/user/projects/InfoTechTestTask/framework/db/CDbConnection.php:399
Stack trace:
#0 /home/user/projects/InfoTechTestTask/framework/db/CDbConnection.php(347): CDbConnection->open()
#1 /home/user/projects/InfoTechTestTask/framework/db/CDbConnection.php(325): CDbConnection->setActive()
#2 /home/user/projects/InfoTechTestTask/framework/base/CModule.php(394): CDbConnection->init()
#3 /home/user/projects/InfoTechTestTask/framework/base/CModule.php(103): CModule->getComponent()
#4 /home/user/projects/InfoTechTestTask/framework/gii/generators/crud/CrudCode.php(44): CModule->__get()
#5 /home/user/projects/InfoTechTestTask/framework/web/CFormModel.php(39): CrudCode->init()
#6 /home/user/projects/InfoTechTestTask/framework/gii/CCodeGenerator.php(153): CFormModel->__construct()
#7 /home/user/projects/InfoTechTestTask/framework/gii/CCodeGenerator.php(63): CCodeGenerator->prepare()
#8 /home/user/projects/InfoTechTestTask/framework/web/actions/CInlineAction.php(49): CCodeGenerator->actionIndex()
#9 /home/user/projects/InfoTechTestTask/framework/web/CController.php(308): CInlineAction->runWithParams()
#10 /home/user/projects/InfoTechTestTask/framework/web/CController.php(286): CController->runAction()
#11 /home/user/projects/InfoTechTestTask/framework/web/CController.php(265): CController->runActionWithFilters()
#12 /home/user/projects/InfoTechTestTask/framework/web/CWebApplication.php(282): CController->run()
#13 /home/user/projects/InfoTechTestTask/framework/web/CWebApplication.php(141): CWebApplication->runController()
#14 /home/user/projects/InfoTechTestTask/framework/base/CApplication.php(185): CWebApplication->processRequest()
#15 /home/user/projects/InfoTechTestTask/index.php(13): CApplication->run()
#16 {main}
REQUEST_URI=/index.php?r=gii/crud/index
HTTP_REFERER=http://localhost:8089/index.php?r=gii/default/index
---
2026/01/22 04:56:46 [error] [exception.CDbException] CDbException: CDbConnection failed to open the DB connection: could not find driver in /home/user/projects/InfoTechTestTask/framework/db/CDbConnection.php:399
Stack trace:
#0 /home/user/projects/InfoTechTestTask/framework/db/CDbConnection.php(347): CDbConnection->open()
#1 /home/user/projects/InfoTechTestTask/framework/db/CDbConnection.php(325): CDbConnection->setActive()
#2 /home/user/projects/InfoTechTestTask/framework/base/CModule.php(394): CDbConnection->init()
#3 /home/user/projects/InfoTechTestTask/framework/base/CModule.php(103): CModule->getComponent()
#4 /home/user/projects/InfoTechTestTask/framework/gii/generators/crud/CrudCode.php(44): CModule->__get()
#5 /home/user/projects/InfoTechTestTask/framework/web/CFormModel.php(39): CrudCode->init()
#6 /home/user/projects/InfoTechTestTask/framework/gii/CCodeGenerator.php(153): CFormModel->__construct()
#7 /home/user/projects/InfoTechTestTask/framework/gii/CCodeGenerator.php(63): CCodeGenerator->prepare()
#8 /home/user/projects/InfoTechTestTask/framework/web/actions/CInlineAction.php(49): CCodeGenerator->actionIndex()
#9 /home/user/projects/InfoTechTestTask/framework/web/CController.php(308): CInlineAction->runWithParams()
#10 /home/user/projects/InfoTechTestTask/framework/web/CController.php(286): CController->runAction()
#11 /home/user/projects/InfoTechTestTask/framework/web/CController.php(265): CController->runActionWithFilters()
#12 /home/user/projects/InfoTechTestTask/framework/web/CWebApplication.php(282): CController->run()
#13 /home/user/projects/InfoTechTestTask/framework/web/CWebApplication.php(141): CWebApplication->runController()
#14 /home/user/projects/InfoTechTestTask/framework/base/CApplication.php(185): CWebApplication->processRequest()
#15 /home/user/projects/InfoTechTestTask/index.php(13): CApplication->run()
#16 {main}
REQUEST_URI=/index.php?r=gii/crud/index
HTTP_REFERER=http://localhost:8089/index.php?r=gii/default/index
---
2026/01/22 04:58:17 [error] [exception.CDbException] CDbException: CDbConnection failed to open the DB connection: could not find driver in /home/user/projects/InfoTechTestTask/framework/db/CDbConnection.php:399
Stack trace:
#0 /home/user/projects/InfoTechTestTask/framework/db/CDbConnection.php(347): CDbConnection->open()
#1 /home/user/projects/InfoTechTestTask/framework/db/CDbConnection.php(325): CDbConnection->setActive()
#2 /home/user/projects/InfoTechTestTask/framework/base/CModule.php(394): CDbConnection->init()
#3 /home/user/projects/InfoTechTestTask/framework/base/CModule.php(103): CModule->getComponent()
#4 /home/user/projects/InfoTechTestTask/framework/gii/generators/crud/CrudCode.php(44): CModule->__get()
#5 /home/user/projects/InfoTechTestTask/framework/web/CFormModel.php(39): CrudCode->init()
#6 /home/user/projects/InfoTechTestTask/framework/gii/CCodeGenerator.php(153): CFormModel->__construct()
#7 /home/user/projects/InfoTechTestTask/framework/gii/CCodeGenerator.php(63): CCodeGenerator->prepare()
#8 /home/user/projects/InfoTechTestTask/framework/web/actions/CInlineAction.php(49): CCodeGenerator->actionIndex()
#9 /home/user/projects/InfoTechTestTask/framework/web/CController.php(308): CInlineAction->runWithParams()
#10 /home/user/projects/InfoTechTestTask/framework/web/CController.php(286): CController->runAction()
#11 /home/user/projects/InfoTechTestTask/framework/web/CController.php(265): CController->runActionWithFilters()
#12 /home/user/projects/InfoTechTestTask/framework/web/CWebApplication.php(282): CController->run()
#13 /home/user/projects/InfoTechTestTask/framework/web/CWebApplication.php(141): CWebApplication->runController()
#14 /home/user/projects/InfoTechTestTask/framework/base/CApplication.php(185): CWebApplication->processRequest()
#15 /home/user/projects/InfoTechTestTask/index.php(13): CApplication->run()
#16 {main}
REQUEST_URI=/index.php?r=gii/crud/index
HTTP_REFERER=http://localhost:8089/index.php?r=gii/default/index
---
2026/01/22 04:58:18 [error] [exception.CDbException] CDbException: CDbConnection failed to open the DB connection: could not find driver in /home/user/projects/InfoTechTestTask/framework/db/CDbConnection.php:399
Stack trace:
#0 /home/user/projects/InfoTechTestTask/framework/db/CDbConnection.php(347): CDbConnection->open()
#1 /home/user/projects/InfoTechTestTask/framework/db/CDbConnection.php(325): CDbConnection->setActive()
#2 /home/user/projects/InfoTechTestTask/framework/base/CModule.php(394): CDbConnection->init()
#3 /home/user/projects/InfoTechTestTask/framework/base/CModule.php(103): CModule->getComponent()
#4 /home/user/projects/InfoTechTestTask/framework/gii/generators/crud/CrudCode.php(44): CModule->__get()
#5 /home/user/projects/InfoTechTestTask/framework/web/CFormModel.php(39): CrudCode->init()
#6 /home/user/projects/InfoTechTestTask/framework/gii/CCodeGenerator.php(153): CFormModel->__construct()
#7 /home/user/projects/InfoTechTestTask/framework/gii/CCodeGenerator.php(63): CCodeGenerator->prepare()
#8 /home/user/projects/InfoTechTestTask/framework/web/actions/CInlineAction.php(49): CCodeGenerator->actionIndex()
#9 /home/user/projects/InfoTechTestTask/framework/web/CController.php(308): CInlineAction->runWithParams()
#10 /home/user/projects/InfoTechTestTask/framework/web/CController.php(286): CController->runAction()
#11 /home/user/projects/InfoTechTestTask/framework/web/CController.php(265): CController->runActionWithFilters()
#12 /home/user/projects/InfoTechTestTask/framework/web/CWebApplication.php(282): CController->run()
#13 /home/user/projects/InfoTechTestTask/framework/web/CWebApplication.php(141): CWebApplication->runController()
#14 /home/user/projects/InfoTechTestTask/framework/base/CApplication.php(185): CWebApplication->processRequest()
#15 /home/user/projects/InfoTechTestTask/index.php(13): CApplication->run()
#16 {main}
REQUEST_URI=/index.php?r=gii/crud/index
HTTP_REFERER=http://localhost:8089/index.php?r=gii/default/index
---
2026/01/22 04:58:39 [error] [exception.CDbException] CDbException: CDbConnection failed to open the DB connection: could not find driver in /home/user/projects/InfoTechTestTask/framework/db/CDbConnection.php:399
Stack trace:
#0 /home/user/projects/InfoTechTestTask/framework/db/CDbConnection.php(347): CDbConnection->open()
#1 /home/user/projects/InfoTechTestTask/framework/db/CDbConnection.php(325): CDbConnection->setActive()
#2 /home/user/projects/InfoTechTestTask/framework/base/CModule.php(394): CDbConnection->init()
#3 /home/user/projects/InfoTechTestTask/framework/base/CModule.php(103): CModule->getComponent()
#4 /home/user/projects/InfoTechTestTask/framework/gii/generators/crud/CrudCode.php(44): CModule->__get()
#5 /home/user/projects/InfoTechTestTask/framework/web/CFormModel.php(39): CrudCode->init()
#6 /home/user/projects/InfoTechTestTask/framework/gii/CCodeGenerator.php(153): CFormModel->__construct()
#7 /home/user/projects/InfoTechTestTask/framework/gii/CCodeGenerator.php(63): CCodeGenerator->prepare()
#8 /home/user/projects/InfoTechTestTask/framework/web/actions/CInlineAction.php(49): CCodeGenerator->actionIndex()
#9 /home/user/projects/InfoTechTestTask/framework/web/CController.php(308): CInlineAction->runWithParams()
#10 /home/user/projects/InfoTechTestTask/framework/web/CController.php(286): CController->runAction()
#11 /home/user/projects/InfoTechTestTask/framework/web/CController.php(265): CController->runActionWithFilters()
#12 /home/user/projects/InfoTechTestTask/framework/web/CWebApplication.php(282): CController->run()
#13 /home/user/projects/InfoTechTestTask/framework/web/CWebApplication.php(141): CWebApplication->runController()
#14 /home/user/projects/InfoTechTestTask/framework/base/CApplication.php(185): CWebApplication->processRequest()
#15 /home/user/projects/InfoTechTestTask/index.php(13): CApplication->run()
#16 {main}
REQUEST_URI=/index.php?r=gii/crud/index
HTTP_REFERER=http://localhost:8089/index.php?r=gii/default/index
---
2026/01/22 05:01:18 [error] [exception.CDbException] CDbException: CDbConnection failed to open the DB connection: could not find driver in /home/user/projects/InfoTechTestTask/framework/db/CDbConnection.php:399
Stack trace:
#0 /home/user/projects/InfoTechTestTask/framework/db/CDbConnection.php(347): CDbConnection->open()
#1 /home/user/projects/InfoTechTestTask/framework/db/CDbConnection.php(325): CDbConnection->setActive()
#2 /home/user/projects/InfoTechTestTask/framework/base/CModule.php(394): CDbConnection->init()
#3 /home/user/projects/InfoTechTestTask/framework/base/CModule.php(103): CModule->getComponent()
#4 /home/user/projects/InfoTechTestTask/framework/gii/generators/crud/CrudCode.php(44): CModule->__get()
#5 /home/user/projects/InfoTechTestTask/framework/web/CFormModel.php(39): CrudCode->init()
#6 /home/user/projects/InfoTechTestTask/framework/gii/CCodeGenerator.php(153): CFormModel->__construct()
#7 /home/user/projects/InfoTechTestTask/framework/gii/CCodeGenerator.php(63): CCodeGenerator->prepare()
#8 /home/user/projects/InfoTechTestTask/framework/web/actions/CInlineAction.php(49): CCodeGenerator->actionIndex()
#9 /home/user/projects/InfoTechTestTask/framework/web/CController.php(308): CInlineAction->runWithParams()
#10 /home/user/projects/InfoTechTestTask/framework/web/CController.php(286): CController->runAction()
#11 /home/user/projects/InfoTechTestTask/framework/web/CController.php(265): CController->runActionWithFilters()
#12 /home/user/projects/InfoTechTestTask/framework/web/CWebApplication.php(282): CController->run()
#13 /home/user/projects/InfoTechTestTask/framework/web/CWebApplication.php(141): CWebApplication->runController()
#14 /home/user/projects/InfoTechTestTask/framework/base/CApplication.php(185): CWebApplication->processRequest()
#15 /home/user/projects/InfoTechTestTask/index.php(13): CApplication->run()
#16 {main}
REQUEST_URI=/index.php?r=gii/crud/index
HTTP_REFERER=http://localhost:8089/index.php?r=gii/default/index
---
2026/01/22 05:01:19 [error] [exception.CDbException] CDbException: CDbConnection failed to open the DB connection: could not find driver in /home/user/projects/InfoTechTestTask/framework/db/CDbConnection.php:399
Stack trace:
#0 /home/user/projects/InfoTechTestTask/framework/db/CDbConnection.php(347): CDbConnection->open()
#1 /home/user/projects/InfoTechTestTask/framework/db/CDbConnection.php(325): CDbConnection->setActive()
#2 /home/user/projects/InfoTechTestTask/framework/base/CModule.php(394): CDbConnection->init()
#3 /home/user/projects/InfoTechTestTask/framework/base/CModule.php(103): CModule->getComponent()
#4 /home/user/projects/InfoTechTestTask/framework/gii/generators/crud/CrudCode.php(44): CModule->__get()
#5 /home/user/projects/InfoTechTestTask/framework/web/CFormModel.php(39): CrudCode->init()
#6 /home/user/projects/InfoTechTestTask/framework/gii/CCodeGenerator.php(153): CFormModel->__construct()
#7 /home/user/projects/InfoTechTestTask/framework/gii/CCodeGenerator.php(63): CCodeGenerator->prepare()
#8 /home/user/projects/InfoTechTestTask/framework/web/actions/CInlineAction.php(49): CCodeGenerator->actionIndex()
#9 /home/user/projects/InfoTechTestTask/framework/web/CController.php(308): CInlineAction->runWithParams()
#10 /home/user/projects/InfoTechTestTask/framework/web/CController.php(286): CController->runAction()
#11 /home/user/projects/InfoTechTestTask/framework/web/CController.php(265): CController->runActionWithFilters()
#12 /home/user/projects/InfoTechTestTask/framework/web/CWebApplication.php(282): CController->run()
#13 /home/user/projects/InfoTechTestTask/framework/web/CWebApplication.php(141): CWebApplication->runController()
#14 /home/user/projects/InfoTechTestTask/framework/base/CApplication.php(185): CWebApplication->processRequest()
#15 /home/user/projects/InfoTechTestTask/index.php(13): CApplication->run()
#16 {main}
REQUEST_URI=/index.php?r=gii/crud/index
HTTP_REFERER=http://localhost:8089/index.php?r=gii/default/index
---
2026/01/22 05:02:05 [error] [exception.CDbException] CDbException: CDbConnection failed to open the DB connection: could not find driver in /home/user/projects/InfoTechTestTask/framework/db/CDbConnection.php:399
Stack trace:
#0 /home/user/projects/InfoTechTestTask/framework/db/CDbConnection.php(347): CDbConnection->open()
#1 /home/user/projects/InfoTechTestTask/framework/db/CDbConnection.php(325): CDbConnection->setActive()
#2 /home/user/projects/InfoTechTestTask/framework/base/CModule.php(394): CDbConnection->init()
#3 /home/user/projects/InfoTechTestTask/framework/base/CModule.php(103): CModule->getComponent()
#4 /home/user/projects/InfoTechTestTask/framework/gii/generators/crud/CrudCode.php(44): CModule->__get()
#5 /home/user/projects/InfoTechTestTask/framework/web/CFormModel.php(39): CrudCode->init()
#6 /home/user/projects/InfoTechTestTask/framework/gii/CCodeGenerator.php(153): CFormModel->__construct()
#7 /home/user/projects/InfoTechTestTask/framework/gii/CCodeGenerator.php(63): CCodeGenerator->prepare()
#8 /home/user/projects/InfoTechTestTask/framework/web/actions/CInlineAction.php(49): CCodeGenerator->actionIndex()
#9 /home/user/projects/InfoTechTestTask/framework/web/CController.php(308): CInlineAction->runWithParams()
#10 /home/user/projects/InfoTechTestTask/framework/web/CController.php(286): CController->runAction()
#11 /home/user/projects/InfoTechTestTask/framework/web/CController.php(265): CController->runActionWithFilters()
#12 /home/user/projects/InfoTechTestTask/framework/web/CWebApplication.php(282): CController->run()
#13 /home/user/projects/InfoTechTestTask/framework/web/CWebApplication.php(141): CWebApplication->runController()
#14 /home/user/projects/InfoTechTestTask/framework/base/CApplication.php(185): CWebApplication->processRequest()
#15 /home/user/projects/InfoTechTestTask/index.php(13): CApplication->run()
#16 {main}
REQUEST_URI=/index.php?r=gii/crud/index
HTTP_REFERER=http://localhost:8089/index.php?r=gii/default/index
---
2026/01/22 05:02:17 [error] [exception.CDbException] CDbException: CDbConnection failed to open the DB connection: could not find driver in /home/user/projects/InfoTechTestTask/framework/db/CDbConnection.php:399
Stack trace:
#0 /home/user/projects/InfoTechTestTask/framework/db/CDbConnection.php(347): CDbConnection->open()
#1 /home/user/projects/InfoTechTestTask/framework/db/CDbConnection.php(325): CDbConnection->setActive()
#2 /home/user/projects/InfoTechTestTask/framework/base/CModule.php(394): CDbConnection->init()
#3 /home/user/projects/InfoTechTestTask/framework/base/CModule.php(103): CModule->getComponent()
#4 /home/user/projects/InfoTechTestTask/framework/gii/generators/crud/CrudCode.php(44): CModule->__get()
#5 /home/user/projects/InfoTechTestTask/framework/web/CFormModel.php(39): CrudCode->init()
#6 /home/user/projects/InfoTechTestTask/framework/gii/CCodeGenerator.php(153): CFormModel->__construct()
#7 /home/user/projects/InfoTechTestTask/framework/gii/CCodeGenerator.php(63): CCodeGenerator->prepare()
#8 /home/user/projects/InfoTechTestTask/framework/web/actions/CInlineAction.php(49): CCodeGenerator->actionIndex()
#9 /home/user/projects/InfoTechTestTask/framework/web/CController.php(308): CInlineAction->runWithParams()
#10 /home/user/projects/InfoTechTestTask/framework/web/CController.php(286): CController->runAction()
#11 /home/user/projects/InfoTechTestTask/framework/web/CController.php(265): CController->runActionWithFilters()
#12 /home/user/projects/InfoTechTestTask/framework/web/CWebApplication.php(282): CController->run()
#13 /home/user/projects/InfoTechTestTask/framework/web/CWebApplication.php(141): CWebApplication->runController()
#14 /home/user/projects/InfoTechTestTask/framework/base/CApplication.php(185): CWebApplication->processRequest()
#15 /home/user/projects/InfoTechTestTask/index.php(13): CApplication->run()
#16 {main}
REQUEST_URI=/index.php?r=gii/crud/index
HTTP_REFERER=http://localhost:8089/index.php?r=gii/default/index
---
2026/01/22 05:05:22 [error] [exception.CDbException] CDbException: CDbConnection failed to open the DB connection: could not find driver in /home/user/projects/InfoTechTestTask/framework/db/CDbConnection.php:399
Stack trace:
#0 /home/user/projects/InfoTechTestTask/framework/db/CDbConnection.php(347): CDbConnection->open()
#1 /home/user/projects/InfoTechTestTask/framework/db/CDbConnection.php(325): CDbConnection->setActive()
#2 /home/user/projects/InfoTechTestTask/framework/base/CModule.php(394): CDbConnection->init()
#3 /home/user/projects/InfoTechTestTask/framework/base/CModule.php(103): CModule->getComponent()
#4 /home/user/projects/InfoTechTestTask/framework/gii/generators/crud/CrudCode.php(44): CModule->__get()
#5 /home/user/projects/InfoTechTestTask/framework/web/CFormModel.php(39): CrudCode->init()
#6 /home/user/projects/InfoTechTestTask/framework/gii/CCodeGenerator.php(153): CFormModel->__construct()
#7 /home/user/projects/InfoTechTestTask/framework/gii/CCodeGenerator.php(63): CCodeGenerator->prepare()
#8 /home/user/projects/InfoTechTestTask/framework/web/actions/CInlineAction.php(49): CCodeGenerator->actionIndex()
#9 /home/user/projects/InfoTechTestTask/framework/web/CController.php(308): CInlineAction->runWithParams()
#10 /home/user/projects/InfoTechTestTask/framework/web/CController.php(286): CController->runAction()
#11 /home/user/projects/InfoTechTestTask/framework/web/CController.php(265): CController->runActionWithFilters()
#12 /home/user/projects/InfoTechTestTask/framework/web/CWebApplication.php(282): CController->run()
#13 /home/user/projects/InfoTechTestTask/framework/web/CWebApplication.php(141): CWebApplication->runController()
#14 /home/user/projects/InfoTechTestTask/framework/base/CApplication.php(185): CWebApplication->processRequest()
#15 /home/user/projects/InfoTechTestTask/index.php(13): CApplication->run()
#16 {main}
REQUEST_URI=/index.php?r=gii/crud/index
HTTP_REFERER=http://localhost:8089/index.php?r=gii/default/index
---
2026/01/22 05:05:25 [error] [exception.CDbException] CDbException: CDbConnection failed to open the DB connection: could not find driver in /home/user/projects/InfoTechTestTask/framework/db/CDbConnection.php:399
Stack trace:
#0 /home/user/projects/InfoTechTestTask/framework/db/CDbConnection.php(347): CDbConnection->open()
#1 /home/user/projects/InfoTechTestTask/framework/db/CDbConnection.php(325): CDbConnection->setActive()
#2 /home/user/projects/InfoTechTestTask/framework/base/CModule.php(394): CDbConnection->init()
#3 /home/user/projects/InfoTechTestTask/framework/base/CModule.php(103): CModule->getComponent()
#4 /home/user/projects/InfoTechTestTask/framework/gii/generators/crud/CrudCode.php(44): CModule->__get()
#5 /home/user/projects/InfoTechTestTask/framework/web/CFormModel.php(39): CrudCode->init()
#6 /home/user/projects/InfoTechTestTask/framework/gii/CCodeGenerator.php(153): CFormModel->__construct()
#7 /home/user/projects/InfoTechTestTask/framework/gii/CCodeGenerator.php(63): CCodeGenerator->prepare()
#8 /home/user/projects/InfoTechTestTask/framework/web/actions/CInlineAction.php(49): CCodeGenerator->actionIndex()
#9 /home/user/projects/InfoTechTestTask/framework/web/CController.php(308): CInlineAction->runWithParams()
#10 /home/user/projects/InfoTechTestTask/framework/web/CController.php(286): CController->runAction()
#11 /home/user/projects/InfoTechTestTask/framework/web/CController.php(265): CController->runActionWithFilters()
#12 /home/user/projects/InfoTechTestTask/framework/web/CWebApplication.php(282): CController->run()
#13 /home/user/projects/InfoTechTestTask/framework/web/CWebApplication.php(141): CWebApplication->runController()
#14 /home/user/projects/InfoTechTestTask/framework/base/CApplication.php(185): CWebApplication->processRequest()
#15 /home/user/projects/InfoTechTestTask/index.php(13): CApplication->run()
#16 {main}
REQUEST_URI=/index.php?r=gii/crud/index
HTTP_REFERER=http://localhost:8089/index.php?r=gii/default/index
---
2026/01/22 05:05:26 [error] [exception.CDbException] CDbException: CDbConnection failed to open the DB connection: could not find driver in /home/user/projects/InfoTechTestTask/framework/db/CDbConnection.php:399
Stack trace:
#0 /home/user/projects/InfoTechTestTask/framework/db/CDbConnection.php(347): CDbConnection->open()
#1 /home/user/projects/InfoTechTestTask/framework/db/CDbConnection.php(325): CDbConnection->setActive()
#2 /home/user/projects/InfoTechTestTask/framework/base/CModule.php(394): CDbConnection->init()
#3 /home/user/projects/InfoTechTestTask/framework/base/CModule.php(103): CModule->getComponent()
#4 /home/user/projects/InfoTechTestTask/framework/gii/generators/crud/CrudCode.php(44): CModule->__get()
#5 /home/user/projects/InfoTechTestTask/framework/web/CFormModel.php(39): CrudCode->init()
#6 /home/user/projects/InfoTechTestTask/framework/gii/CCodeGenerator.php(153): CFormModel->__construct()
#7 /home/user/projects/InfoTechTestTask/framework/gii/CCodeGenerator.php(63): CCodeGenerator->prepare()
#8 /home/user/projects/InfoTechTestTask/framework/web/actions/CInlineAction.php(49): CCodeGenerator->actionIndex()
#9 /home/user/projects/InfoTechTestTask/framework/web/CController.php(308): CInlineAction->runWithParams()
#10 /home/user/projects/InfoTechTestTask/framework/web/CController.php(286): CController->runAction()
#11 /home/user/projects/InfoTechTestTask/framework/web/CController.php(265): CController->runActionWithFilters()
#12 /home/user/projects/InfoTechTestTask/framework/web/CWebApplication.php(282): CController->run()
#13 /home/user/projects/InfoTechTestTask/framework/web/CWebApplication.php(141): CWebApplication->runController()
#14 /home/user/projects/InfoTechTestTask/framework/base/CApplication.php(185): CWebApplication->processRequest()
#15 /home/user/projects/InfoTechTestTask/index.php(13): CApplication->run()
#16 {main}
REQUEST_URI=/index.php?r=gii/crud/index
HTTP_REFERER=http://localhost:8089/index.php?r=gii/default/index
---
2026/01/22 05:05:27 [error] [exception.CDbException] CDbException: CDbConnection failed to open the DB connection: could not find driver in /home/user/projects/InfoTechTestTask/framework/db/CDbConnection.php:399
Stack trace:
#0 /home/user/projects/InfoTechTestTask/framework/db/CDbConnection.php(347): CDbConnection->open()
#1 /home/user/projects/InfoTechTestTask/framework/db/CDbConnection.php(325): CDbConnection->setActive()
#2 /home/user/projects/InfoTechTestTask/framework/base/CModule.php(394): CDbConnection->init()
#3 /home/user/projects/InfoTechTestTask/framework/base/CModule.php(103): CModule->getComponent()
#4 /home/user/projects/InfoTechTestTask/framework/gii/generators/crud/CrudCode.php(44): CModule->__get()
#5 /home/user/projects/InfoTechTestTask/framework/web/CFormModel.php(39): CrudCode->init()
#6 /home/user/projects/InfoTechTestTask/framework/gii/CCodeGenerator.php(153): CFormModel->__construct()
#7 /home/user/projects/InfoTechTestTask/framework/gii/CCodeGenerator.php(63): CCodeGenerator->prepare()
#8 /home/user/projects/InfoTechTestTask/framework/web/actions/CInlineAction.php(49): CCodeGenerator->actionIndex()
#9 /home/user/projects/InfoTechTestTask/framework/web/CController.php(308): CInlineAction->runWithParams()
#10 /home/user/projects/InfoTechTestTask/framework/web/CController.php(286): CController->runAction()
#11 /home/user/projects/InfoTechTestTask/framework/web/CController.php(265): CController->runActionWithFilters()
#12 /home/user/projects/InfoTechTestTask/framework/web/CWebApplication.php(282): CController->run()
#13 /home/user/projects/InfoTechTestTask/framework/web/CWebApplication.php(141): CWebApplication->runController()
#14 /home/user/projects/InfoTechTestTask/framework/base/CApplication.php(185): CWebApplication->processRequest()
#15 /home/user/projects/InfoTechTestTask/index.php(13): CApplication->run()
#16 {main}
REQUEST_URI=/index.php?r=gii/crud/index
HTTP_REFERER=http://localhost:8089/index.php?r=gii/default/index
---
2026/01/22 05:05:35 [error] [exception.CDbException] CDbException: CDbConnection failed to open the DB connection: could not find driver in /home/user/projects/InfoTechTestTask/framework/db/CDbConnection.php:399
Stack trace:
#0 /home/user/projects/InfoTechTestTask/framework/db/CDbConnection.php(347): CDbConnection->open()
#1 /home/user/projects/InfoTechTestTask/framework/db/CDbConnection.php(325): CDbConnection->setActive()
#2 /home/user/projects/InfoTechTestTask/framework/base/CModule.php(394): CDbConnection->init()
#3 /home/user/projects/InfoTechTestTask/framework/base/CModule.php(103): CModule->getComponent()
#4 /home/user/projects/InfoTechTestTask/framework/gii/generators/crud/CrudCode.php(44): CModule->__get()
#5 /home/user/projects/InfoTechTestTask/framework/web/CFormModel.php(39): CrudCode->init()
#6 /home/user/projects/InfoTechTestTask/framework/gii/CCodeGenerator.php(153): CFormModel->__construct()
#7 /home/user/projects/InfoTechTestTask/framework/gii/CCodeGenerator.php(63): CCodeGenerator->prepare()
#8 /home/user/projects/InfoTechTestTask/framework/web/actions/CInlineAction.php(49): CCodeGenerator->actionIndex()
#9 /home/user/projects/InfoTechTestTask/framework/web/CController.php(308): CInlineAction->runWithParams()
#10 /home/user/projects/InfoTechTestTask/framework/web/CController.php(286): CController->runAction()
#11 /home/user/projects/InfoTechTestTask/framework/web/CController.php(265): CController->runActionWithFilters()
#12 /home/user/projects/InfoTechTestTask/framework/web/CWebApplication.php(282): CController->run()
#13 /home/user/projects/InfoTechTestTask/framework/web/CWebApplication.php(141): CWebApplication->runController()
#14 /home/user/projects/InfoTechTestTask/framework/base/CApplication.php(185): CWebApplication->processRequest()
#15 /home/user/projects/InfoTechTestTask/index.php(13): CApplication->run()
#16 {main}
REQUEST_URI=/index.php?r=gii/crud/index
HTTP_REFERER=http://localhost:8089/index.php?r=gii/default/index
---
2026/01/22 05:08:00 [error] [exception.CDbException] CDbException: CDbConnection failed to open the DB connection: could not find driver in /home/user/projects/InfoTechTestTask/framework/db/CDbConnection.php:399
Stack trace:
#0 /home/user/projects/InfoTechTestTask/framework/db/CDbConnection.php(347): CDbConnection->open()
#1 /home/user/projects/InfoTechTestTask/framework/db/CDbConnection.php(325): CDbConnection->setActive()
#2 /home/user/projects/InfoTechTestTask/framework/base/CModule.php(394): CDbConnection->init()
#3 /home/user/projects/InfoTechTestTask/framework/base/CModule.php(103): CModule->getComponent()
#4 /home/user/projects/InfoTechTestTask/framework/gii/generators/crud/CrudCode.php(44): CModule->__get()
#5 /home/user/projects/InfoTechTestTask/framework/web/CFormModel.php(39): CrudCode->init()
#6 /home/user/projects/InfoTechTestTask/framework/gii/CCodeGenerator.php(153): CFormModel->__construct()
#7 /home/user/projects/InfoTechTestTask/framework/gii/CCodeGenerator.php(63): CCodeGenerator->prepare()
#8 /home/user/projects/InfoTechTestTask/framework/web/actions/CInlineAction.php(49): CCodeGenerator->actionIndex()
#9 /home/user/projects/InfoTechTestTask/framework/web/CController.php(308): CInlineAction->runWithParams()
#10 /home/user/projects/InfoTechTestTask/framework/web/CController.php(286): CController->runAction()
#11 /home/user/projects/InfoTechTestTask/framework/web/CController.php(265): CController->runActionWithFilters()
#12 /home/user/projects/InfoTechTestTask/framework/web/CWebApplication.php(282): CController->run()
#13 /home/user/projects/InfoTechTestTask/framework/web/CWebApplication.php(141): CWebApplication->runController()
#14 /home/user/projects/InfoTechTestTask/framework/base/CApplication.php(185): CWebApplication->processRequest()
#15 /home/user/projects/InfoTechTestTask/index.php(13): CApplication->run()
#16 {main}
REQUEST_URI=/index.php?r=gii/crud/index
HTTP_REFERER=http://localhost:8089/index.php?r=gii/default/index
---
2026/01/22 05:10:12 [error] [exception.CDbException] CDbException: CDbConnection failed to open the DB connection: could not find driver in /home/user/projects/InfoTechTestTask/framework/db/CDbConnection.php:399
Stack trace:
#0 /home/user/projects/InfoTechTestTask/framework/db/CDbConnection.php(347): CDbConnection->open()
#1 /home/user/projects/InfoTechTestTask/framework/db/CDbConnection.php(325): CDbConnection->setActive()
#2 /home/user/projects/InfoTechTestTask/framework/base/CModule.php(394): CDbConnection->init()
#3 /home/user/projects/InfoTechTestTask/framework/base/CModule.php(103): CModule->getComponent()
#4 /home/user/projects/InfoTechTestTask/framework/gii/generators/crud/CrudCode.php(44): CModule->__get()
#5 /home/user/projects/InfoTechTestTask/framework/web/CFormModel.php(39): CrudCode->init()
#6 /home/user/projects/InfoTechTestTask/framework/gii/CCodeGenerator.php(153): CFormModel->__construct()
#7 /home/user/projects/InfoTechTestTask/framework/gii/CCodeGenerator.php(63): CCodeGenerator->prepare()
#8 /home/user/projects/InfoTechTestTask/framework/web/actions/CInlineAction.php(49): CCodeGenerator->actionIndex()
#9 /home/user/projects/InfoTechTestTask/framework/web/CController.php(308): CInlineAction->runWithParams()
#10 /home/user/projects/InfoTechTestTask/framework/web/CController.php(286): CController->runAction()
#11 /home/user/projects/InfoTechTestTask/framework/web/CController.php(265): CController->runActionWithFilters()
#12 /home/user/projects/InfoTechTestTask/framework/web/CWebApplication.php(282): CController->run()
#13 /home/user/projects/InfoTechTestTask/framework/web/CWebApplication.php(141): CWebApplication->runController()
#14 /home/user/projects/InfoTechTestTask/framework/base/CApplication.php(185): CWebApplication->processRequest()
#15 /home/user/projects/InfoTechTestTask/index.php(13): CApplication->run()
#16 {main}
REQUEST_URI=/index.php?r=gii/crud/index
HTTP_REFERER=http://localhost:8089/index.php?r=gii/default/index
---
2026/01/22 05:10:14 [error] [exception.CDbException] CDbException: CDbConnection failed to open the DB connection: could not find driver in /home/user/projects/InfoTechTestTask/framework/db/CDbConnection.php:399
Stack trace:
#0 /home/user/projects/InfoTechTestTask/framework/db/CDbConnection.php(347): CDbConnection->open()
#1 /home/user/projects/InfoTechTestTask/framework/db/CDbConnection.php(325): CDbConnection->setActive()
#2 /home/user/projects/InfoTechTestTask/framework/base/CModule.php(394): CDbConnection->init()
#3 /home/user/projects/InfoTechTestTask/framework/base/CModule.php(103): CModule->getComponent()
#4 /home/user/projects/InfoTechTestTask/framework/gii/generators/crud/CrudCode.php(44): CModule->__get()
#5 /home/user/projects/InfoTechTestTask/framework/web/CFormModel.php(39): CrudCode->init()
#6 /home/user/projects/InfoTechTestTask/framework/gii/CCodeGenerator.php(153): CFormModel->__construct()
#7 /home/user/projects/InfoTechTestTask/framework/gii/CCodeGenerator.php(63): CCodeGenerator->prepare()
#8 /home/user/projects/InfoTechTestTask/framework/web/actions/CInlineAction.php(49): CCodeGenerator->actionIndex()
#9 /home/user/projects/InfoTechTestTask/framework/web/CController.php(308): CInlineAction->runWithParams()
#10 /home/user/projects/InfoTechTestTask/framework/web/CController.php(286): CController->runAction()
#11 /home/user/projects/InfoTechTestTask/framework/web/CController.php(265): CController->runActionWithFilters()
#12 /home/user/projects/InfoTechTestTask/framework/web/CWebApplication.php(282): CController->run()
#13 /home/user/projects/InfoTechTestTask/framework/web/CWebApplication.php(141): CWebApplication->runController()
#14 /home/user/projects/InfoTechTestTask/framework/base/CApplication.php(185): CWebApplication->processRequest()
#15 /home/user/projects/InfoTechTestTask/index.php(13): CApplication->run()
#16 {main}
REQUEST_URI=/index.php?r=gii/crud/index
HTTP_REFERER=http://localhost:8089/index.php?r=gii/default/index
---
2026/01/22 05:10:15 [error] [exception.CDbException] CDbException: CDbConnection failed to open the DB connection: could not find driver in /home/user/projects/InfoTechTestTask/framework/db/CDbConnection.php:399
Stack trace:
#0 /home/user/projects/InfoTechTestTask/framework/db/CDbConnection.php(347): CDbConnection->open()
#1 /home/user/projects/InfoTechTestTask/framework/db/CDbConnection.php(325): CDbConnection->setActive()
#2 /home/user/projects/InfoTechTestTask/framework/base/CModule.php(394): CDbConnection->init()
#3 /home/user/projects/InfoTechTestTask/framework/base/CModule.php(103): CModule->getComponent()
#4 /home/user/projects/InfoTechTestTask/framework/gii/generators/crud/CrudCode.php(44): CModule->__get()
#5 /home/user/projects/InfoTechTestTask/framework/web/CFormModel.php(39): CrudCode->init()
#6 /home/user/projects/InfoTechTestTask/framework/gii/CCodeGenerator.php(153): CFormModel->__construct()
#7 /home/user/projects/InfoTechTestTask/framework/gii/CCodeGenerator.php(63): CCodeGenerator->prepare()
#8 /home/user/projects/InfoTechTestTask/framework/web/actions/CInlineAction.php(49): CCodeGenerator->actionIndex()
#9 /home/user/projects/InfoTechTestTask/framework/web/CController.php(308): CInlineAction->runWithParams()
#10 /home/user/projects/InfoTechTestTask/framework/web/CController.php(286): CController->runAction()
#11 /home/user/projects/InfoTechTestTask/framework/web/CController.php(265): CController->runActionWithFilters()
#12 /home/user/projects/InfoTechTestTask/framework/web/CWebApplication.php(282): CController->run()
#13 /home/user/projects/InfoTechTestTask/framework/web/CWebApplication.php(141): CWebApplication->runController()
#14 /home/user/projects/InfoTechTestTask/framework/base/CApplication.php(185): CWebApplication->processRequest()
#15 /home/user/projects/InfoTechTestTask/index.php(13): CApplication->run()
#16 {main}
REQUEST_URI=/index.php?r=gii/crud/index
HTTP_REFERER=http://localhost:8089/index.php?r=gii/default/index
---
2026/01/23 07:47:21 [error] [exception.Error] Error: Class 'WebUser' not found in /var/www/html/framework/YiiBase.php:224
Stack trace:
#0 /var/www/html/framework/base/CModule.php(393): YiiBase::createComponent(Array)
#1 /var/www/html/framework/base/CModule.php(103): CModule->getComponent('user')
#2 /var/www/html/protected/views/layouts/main.php(35): CModule->__get('user')
#3 /var/www/html/framework/web/CBaseController.php(126): require('/var/www/html/p...')
#4 /var/www/html/framework/web/CBaseController.php(95): CBaseController->renderInternal('/var/www/html/p...', Array, true)
#5 /var/www/html/framework/web/widgets/CContentDecorator.php(76): CBaseController->renderFile('/var/www/html/p...', Array, true)
#6 /var/www/html/framework/web/widgets/CContentDecorator.php(54): CContentDecorator->decorate('<div id="conten...')
#7 /var/www/html/framework/web/widgets/COutputProcessor.php(44): CContentDecorator->processOutput('<div id="conten...')
#8 /var/www/html/framework/web/CBaseController.php(215): COutputProcessor->run()
#9 /var/www/html/framework/web/CBaseController.php(309): CBaseController->endWidget('CContentDecorat...')
#10 /var/www/html/protected/views/layouts/column1.php(6): CBaseController->endContent()
#11 /var/www/html/framework/web/CBaseController.php(126): require('/var/www/html/p...')
#12 /var/www/html/framework/web/CBaseController.php(95): CBaseController->renderInternal('/var/www/html/p...', Array, true)
#13 /var/www/html/framework/web/CController.php(787): CBaseController->renderFile('/var/www/html/p...', Array, true)
#14 /var/www/html/protected/controllers/SiteController.php(32): CController->render('index')
#15 /var/www/html/framework/web/actions/CInlineAction.php(49): SiteController->actionIndex()
#16 /var/www/html/framework/web/CController.php(308): CInlineAction->runWithParams(Array)
#17 /var/www/html/framework/web/CController.php(286): CController->runAction(Object(CInlineAction))
#18 /var/www/html/framework/web/CController.php(265): CController->runActionWithFilters(Object(CInlineAction), Array)
#19 /var/www/html/framework/web/CWebApplication.php(282): CController->run('')
#20 /var/www/html/framework/web/CWebApplication.php(141): CWebApplication->runController('')
#21 /var/www/html/framework/base/CApplication.php(185): CWebApplication->processRequest()
#22 /var/www/html/index.php(13): CApplication->run()
#23 {main}
REQUEST_URI=/
---
